# JRE version: Java(TM) SE Runtime Environment (8.0_77-b03) (build 1.8.0_77-b03)
# Java VM: Java HotSpot(TM) 64-Bit Server VM (25.77-b03 mixed mode windows-amd64 compressed oops)
Heap:
 PSYoungGen      total 174592K, used 64559K [0x00000000d5d80000, 0x00000000e4500000, 0x0000000100000000)
  eden space 161280K, 31% used [0x00000000d5d80000,0x00000000d8f8df20,0x00000000dfb00000)
  from space 13312K, 99% used [0x00000000dfb00000,0x00000000e07fdd80,0x00000000e0800000)
  to   space 15872K, 0% used [0x00000000e3580000,0x00000000e3580000,0x00000000e4500000)
 ParOldGen       total 96256K, used 22651K [0x0000000081800000, 0x0000000087600000, 0x00000000d5d80000)
  object space 96256K, 23% used [0x0000000081800000,0x0000000082e1efc0,0x0000000087600000)
 Metaspace       used 46990K, capacity 49182K, committed 49448K, reserved 1091584K
  class space    used 6252K, capacity 6642K, committed 6704K, reserved 1048576K
GC Heap History (10 events):
Event: 2.070 GC heap before
{Heap before GC invocations=7 (full 1):
 PSYoungGen      total 71680K, used 66560K [0x00000000d5d80000, 0x00000000def80000, 0x0000000100000000)
  eden space 66560K, 100% used [0x00000000d5d80000,0x00000000d9e80000,0x00000000d9e80000)
  from space 5120K, 0% used [0x00000000d9e80000,0x00000000d9e80000,0x00000000da380000)
  to   space 8192K, 0% used [0x00000000de780000,0x00000000de780000,0x00000000def80000)
 ParOldGen       total 56832K, used 7502K [0x0000000081800000, 0x0000000084f80000, 0x00000000d5d80000)
  object space 56832K, 13% used [0x0000000081800000,0x0000000081f538c8,0x0000000084f80000)
 Metaspace       used 24137K, capacity 25212K, committed 25520K, reserved 1071104K
  class space    used 3190K, capacity 3420K, committed 3504K, reserved 1048576K
Event: 2.076 GC heap after
Heap after GC invocations=7 (full 1):
 PSYoungGen      total 111616K, used 6046K [0x00000000d5d80000, 0x00000000ded80000, 0x0000000100000000)
  eden space 105472K, 0% used [0x00000000d5d80000,0x00000000d5d80000,0x00000000dc480000)
  from space 6144K, 98% used [0x00000000de780000,0x00000000ded67a90,0x00000000ded80000)
  to   space 8192K, 0% used [0x00000000ddd80000,0x00000000ddd80000,0x00000000de580000)
 ParOldGen       total 56832K, used 7510K [0x0000000081800000, 0x0000000084f80000, 0x00000000d5d80000)
  object space 56832K, 13% used [0x0000000081800000,0x0000000081f558c8,0x0000000084f80000)
 Metaspace       used 24137K, capacity 25212K, committed 25520K, reserved 1071104K
  class space    used 3190K, capacity 3420K, committed 3504K, reserved 1048576K
}
Event: 2.959 GC heap before
{Heap before GC invocations=8 (full 1):
 PSYoungGen      total 111616K, used 111518K [0x00000000d5d80000, 0x00000000ded80000, 0x0000000100000000)
  eden space 105472K, 100% used [0x00000000d5d80000,0x00000000dc480000,0x00000000dc480000)
  from space 6144K, 98% used [0x00000000de780000,0x00000000ded67a90,0x00000000ded80000)
  to   space 8192K, 0% used [0x00000000ddd80000,0x00000000ddd80000,0x00000000de580000)
 ParOldGen       total 56832K, used 7510K [0x0000000081800000, 0x0000000084f80000, 0x00000000d5d80000)
  object space 56832K, 13% used [0x0000000081800000,0x0000000081f558c8,0x0000000084f80000)
 Metaspace       used 30428K, capacity 31900K, committed 32176K, reserved 1077248K
  class space    used 3950K, capacity 4246K, committed 4272K, reserved 1048576K
Event: 2.969 GC heap after
Heap after GC invocations=8 (full 1):
 PSYoungGen      total 139264K, used 8164K [0x00000000d5d80000, 0x00000000e1400000, 0x0000000100000000)
  eden space 131072K, 0% used [0x00000000d5d80000,0x00000000d5d80000,0x00000000ddd80000)
  from space 8192K, 99% used [0x00000000ddd80000,0x00000000de5790a0,0x00000000de580000)
  to   space 12288K, 0% used [0x00000000e0800000,0x00000000e0800000,0x00000000e1400000)
 ParOldGen       total 56832K, used 13882K [0x0000000081800000, 0x0000000084f80000, 0x00000000d5d80000)
  object space 56832K, 24% used [0x0000000081800000,0x000000008258e8b8,0x0000000084f80000)
 Metaspace       used 30428K, capacity 31900K, committed 32176K, reserved 1077248K
  class space    used 3950K, capacity 4246K, committed 4272K, reserved 1048576K
}
Event: 3.241 GC heap before
{Heap before GC invocations=9 (full 1):
 PSYoungGen      total 139264K, used 33425K [0x00000000d5d80000, 0x00000000e1400000, 0x0000000100000000)
  eden space 131072K, 19% used [0x00000000d5d80000,0x00000000d762b5f0,0x00000000ddd80000)
  from space 8192K, 99% used [0x00000000ddd80000,0x00000000de5790a0,0x00000000de580000)
  to   space 12288K, 0% used [0x00000000e0800000,0x00000000e0800000,0x00000000e1400000)
 ParOldGen       total 56832K, used 13882K [0x0000000081800000, 0x0000000084f80000, 0x00000000d5d80000)
  object space 56832K, 24% used [0x0000000081800000,0x000000008258e8b8,0x0000000084f80000)
 Metaspace       used 33742K, capacity 35216K, committed 35496K, reserved 1079296K
  class space    used 4505K, capacity 4772K, committed 4784K, reserved 1048576K
Event: 3.251 GC heap after
Heap after GC invocations=9 (full 1):
 PSYoungGen      total 173568K, used 12029K [0x00000000d5d80000, 0x00000000e4000000, 0x0000000100000000)
  eden space 161280K, 0% used [0x00000000d5d80000,0x00000000d5d80000,0x00000000dfb00000)
  from space 12288K, 97% used [0x00000000e0800000,0x00000000e13bf560,0x00000000e1400000)
  to   space 13312K, 0% used [0x00000000dfb00000,0x00000000dfb00000,0x00000000e0800000)
 ParOldGen       total 56832K, used 13890K [0x0000000081800000, 0x0000000084f80000, 0x00000000d5d80000)
  object space 56832K, 24% used [0x0000000081800000,0x00000000825908b8,0x0000000084f80000)
 Metaspace       used 33742K, capacity 35216K, committed 35496K, reserved 1079296K
  class space    used 4505K, capacity 4772K, committed 4784K, reserved 1048576K
}
Event: 3.251 GC heap before
{Heap before GC invocations=10 (full 2):
 PSYoungGen      total 173568K, used 12029K [0x00000000d5d80000, 0x00000000e4000000, 0x0000000100000000)
  eden space 161280K, 0% used [0x00000000d5d80000,0x00000000d5d80000,0x00000000dfb00000)
  from space 12288K, 97% used [0x00000000e0800000,0x00000000e13bf560,0x00000000e1400000)
  to   space 13312K, 0% used [0x00000000dfb00000,0x00000000dfb00000,0x00000000e0800000)
 ParOldGen       total 56832K, used 13890K [0x0000000081800000, 0x0000000084f80000, 0x00000000d5d80000)
  object space 56832K, 24% used [0x0000000081800000,0x00000000825908b8,0x0000000084f80000)
 Metaspace       used 33742K, capacity 35216K, committed 35496K, reserved 1079296K
  class space    used 4505K, capacity 4772K, committed 4784K, reserved 1048576K
Event: 3.311 GC heap after
Heap after GC invocations=10 (full 2):
 PSYoungGen      total 173568K, used 0K [0x00000000d5d80000, 0x00000000e4000000, 0x0000000100000000)
  eden space 161280K, 0% used [0x00000000d5d80000,0x00000000d5d80000,0x00000000dfb00000)
  from space 12288K, 0% used [0x00000000e0800000,0x00000000e0800000,0x00000000e1400000)
  to   space 13312K, 0% used [0x00000000dfb00000,0x00000000dfb00000,0x00000000e0800000)
 ParOldGen       total 96256K, used 20986K [0x0000000081800000, 0x0000000087600000, 0x00000000d5d80000)
  object space 96256K, 21% used [0x0000000081800000,0x0000000082c7e8b0,0x0000000087600000)
 Metaspace       used 33742K, capacity 35216K, committed 35496K, reserved 1079296K
  class space    used 4505K, capacity 4772K, committed 4784K, reserved 1048576K
}
Event: 4.736 GC heap before
{Heap before GC invocations=11 (full 2):
 PSYoungGen      total 173568K, used 161280K [0x00000000d5d80000, 0x00000000e4000000, 0x0000000100000000)
  eden space 161280K, 100% used [0x00000000d5d80000,0x00000000dfb00000,0x00000000dfb00000)
  from space 12288K, 0% used [0x00000000e0800000,0x00000000e0800000,0x00000000e1400000)
  to   space 13312K, 0% used [0x00000000dfb00000,0x00000000dfb00000,0x00000000e0800000)
 ParOldGen       total 96256K, used 20986K [0x0000000081800000, 0x0000000087600000, 0x00000000d5d80000)
  object space 96256K, 21% used [0x0000000081800000,0x0000000082c7e8b0,0x0000000087600000)
 Metaspace       used 43085K, capacity 45060K, committed 45352K, reserved 1089536K
  class space    used 5762K, capacity 6136K, committed 6192K, reserved 1048576K
Event: 4.748 GC heap after
Heap after GC invocations=11 (full 2):
 PSYoungGen      total 174592K, used 13303K [0x00000000d5d80000, 0x00000000e4500000, 0x0000000100000000)
  eden space 161280K, 0% used [0x00000000d5d80000,0x00000000d5d80000,0x00000000dfb00000)
  from space 13312K, 99% used [0x00000000dfb00000,0x00000000e07fdd80,0x00000000e0800000)
  to   space 15872K, 0% used [0x00000000e3580000,0x00000000e3580000,0x00000000e4500000)
 ParOldGen       total 96256K, used 22651K [0x0000000081800000, 0x0000000087600000, 0x00000000d5d80000)
  object space 96256K, 23% used [0x0000000081800000,0x0000000082e1efc0,0x0000000087600000)
 Metaspace       used 43085K, capacity 45060K, committed 45352K, reserved 1089536K
  class space    used 5762K, capacity 6136K, committed 6192K, reserved 1048576K
}

